<?xml version="1.0" encoding="UTF-8"?>
<!-- Generated by org.testng.reporters.JUnitReportReporter -->
<testsuite hostname="DESKTOP-7OQV29M" failures="0" tests="1" name="com.mvn.GroceryStoreBaseFile" time="16.896" errors="0" timestamp="2024-08-17T09:42:18 IST" skipped="0">
  <testcase classname="com.mvn.GroceryStoreBaseFile" name="test" time="16.896"/>
</testsuite> <!-- com.mvn.GroceryStoreBaseFile -->
