<?xml version="1.0" encoding="UTF-8"?>
<!-- Generated by org.testng.reporters.JUnitReportReporter -->
<testsuite hostname="DESKTOP-7OQV29M" failures="0" tests="1" name="com.mvn.RealdeviceLongpress" time="32.909" errors="0" timestamp="2024-08-17T10:42:40 IST" skipped="0">
  <testcase classname="com.mvn.RealdeviceLongpress" name="Test" time="32.909"/>
</testsuite> <!-- com.mvn.RealdeviceLongpress -->
