<?xml version="1.0" encoding="UTF-8"?>
<!-- Generated by org.testng.reporters.JUnitReportReporter -->
<testsuite hostname="DESKTOP-7OQV29M" failures="0" tests="1" name="com.mvn.OpenAPIEmulator" time="9.472" errors="0" timestamp="2024-08-17T09:41:03 IST" skipped="0">
  <testcase classname="com.mvn.OpenAPIEmulator" name="open" time="9.472"/>
</testsuite> <!-- com.mvn.OpenAPIEmulator -->
