<?xml version="1.0" encoding="UTF-8"?>
<!-- Generated by org.testng.reporters.JUnitReportReporter -->
<testsuite hostname="DESKTOP-7OQV29M" failures="0" tests="1" name="com.mvn.MUICalc" time="43.622" errors="0" timestamp="2024-08-17T11:05:15 IST" skipped="0">
  <testcase classname="com.mvn.MUICalc" name="opencalc" time="43.622"/>
</testsuite> <!-- com.mvn.MUICalc -->
