<?xml version="1.0" encoding="UTF-8"?>
<!-- Generated by org.testng.reporters.JUnitReportReporter -->
<testsuite hostname="DESKTOP-7OQV29M" failures="0" tests="1" name="com.mvn.GroceryStoreManage" time="71.629" errors="0" timestamp="2024-08-17T09:51:40 IST" skipped="0">
  <testcase classname="com.mvn.GroceryStoreManage" name="functions" time="71.629"/>
</testsuite> <!-- com.mvn.GroceryStoreManage -->
