<?xml version="1.0" encoding="UTF-8"?>
<!-- Generated by org.testng.reporters.JUnitReportReporter -->
<testsuite hostname="DESKTOP-7OQV29M" failures="0" tests="1" name="com.mvn.ApiDemoSwipeaction" time="25.963" errors="0" timestamp="2024-08-17T10:01:15 IST" skipped="0">
  <testcase classname="com.mvn.ApiDemoSwipeaction" name="functions" time="25.963"/>
</testsuite> <!-- com.mvn.ApiDemoSwipeaction -->
