<?xml version="1.0" encoding="UTF-8"?>
<!-- Generated by org.testng.reporters.JUnitReportReporter -->
<testsuite hostname="DESKTOP-7OQV29M" failures="0" tests="1" name="com.mvn.RealdeviceScrolling" time="18.029" errors="0" timestamp="2024-08-17T10:45:22 IST" skipped="0">
  <testcase classname="com.mvn.RealdeviceScrolling" name="Test" time="18.029"/>
</testsuite> <!-- com.mvn.RealdeviceScrolling -->
