<?xml version="1.0" encoding="UTF-8"?>
<!-- Generated by org.testng.reporters.JUnitReportReporter -->
<testsuite hostname="DESKTOP-LO4NP08" failures="0" tests="5" name="com.mvn.TestngAutomationWebdriver" time="28.252" errors="0" timestamp="2024-07-11T09:12:31 IST" skipped="0">
  <testcase classname="com.mvn.TestngAutomationWebdriver" name="openLogin" time="4.598"/>
  <testcase classname="com.mvn.TestngAutomationWebdriver" name="enterEmail" time="2.316"/>
  <testcase classname="com.mvn.TestngAutomationWebdriver" name="enterPassword" time="2.285"/>
  <testcase classname="com.mvn.TestngAutomationWebdriver" name="clickLogin" time="14.857"/>
  <testcase classname="com.mvn.TestngAutomationWebdriver" name="logout" time="4.196"/>
</testsuite> <!-- com.mvn.TestngAutomationWebdriver -->
