<?xml version="1.0" encoding="UTF-8"?>
<!-- Generated by org.testng.reporters.JUnitReportReporter -->
<testsuite hostname="DESKTOP-LO4NP08" failures="0" tests="8" name="com.mvn.HybridDrivenFramework" time="33.212" errors="0" timestamp="2024-07-10T16:28:24 IST" skipped="0">
  <testcase classname="com.mvn.HybridDrivenFramework" name="test" time="2.251"/>
  <testcase classname="com.mvn.HybridDrivenFramework" name="test" time="4.610"/>
  <testcase classname="com.mvn.HybridDrivenFramework" name="test" time="4.881"/>
  <testcase classname="com.mvn.HybridDrivenFramework" name="test" time="8.416"/>
  <testcase classname="com.mvn.HybridDrivenFramework" name="test" time="6.183"/>
  <testcase classname="com.mvn.HybridDrivenFramework" name="test" time="4.190"/>
  <testcase classname="com.mvn.HybridDrivenFramework" name="test" time="2.198"/>
  <testcase classname="com.mvn.HybridDrivenFramework" name="test" time="0.483"/>
</testsuite> <!-- com.mvn.HybridDrivenFramework -->
