<?xml version="1.0" encoding="UTF-8"?>
<!-- Generated by org.testng.reporters.JUnitReportReporter -->
<testsuite hostname="DESKTOP-LO4NP08" failures="0" tests="1" name="com.mvn.DataDrivenFramwork" time="55.718" errors="0" timestamp="2024-07-11T11:14:24 IST" skipped="0">
  <testcase classname="com.mvn.DataDrivenFramwork" name="test" time="55.718"/>
</testsuite> <!-- com.mvn.DataDrivenFramwork -->
