<?xml version="1.0" encoding="UTF-8"?>
<!-- Generated by org.testng.reporters.JUnitReportReporter -->
<testsuite hostname="DESKTOP-LO4NP08" failures="0" tests="8" name="com.mvn.KeywordDrivenFramework" time="40.714" errors="0" timestamp="2024-07-10T16:18:29 IST" skipped="0">
  <testcase classname="com.mvn.KeywordDrivenFramework" name="test" time="2.246"/>
  <testcase classname="com.mvn.KeywordDrivenFramework" name="test" time="2.314"/>
  <testcase classname="com.mvn.KeywordDrivenFramework" name="test" time="0.464"/>
  <testcase classname="com.mvn.KeywordDrivenFramework" name="test" time="5.068"/>
  <testcase classname="com.mvn.KeywordDrivenFramework" name="test" time="4.293"/>
  <testcase classname="com.mvn.KeywordDrivenFramework" name="test" time="11.629"/>
  <testcase classname="com.mvn.KeywordDrivenFramework" name="test" time="9.356"/>
  <testcase classname="com.mvn.KeywordDrivenFramework" name="test" time="5.344"/>
</testsuite> <!-- com.mvn.KeywordDrivenFramework -->
